<?xml version="1.0" encoding="UTF-8"?>
<testng-results ignored="0" total="7" passed="6" failed="1" skipped="0">
  <reporter-output>
  </reporter-output>
  <suite started-at="2021-09-07T17:28:14 IST" name="Default suite" finished-at="2021-09-07T17:29:08 IST" duration-ms="53457">
    <groups>
    </groups>
    <test started-at="2021-09-07T17:28:14 IST" name="Default test" finished-at="2021-09-07T17:29:08 IST" duration-ms="53457">
      <class name="DemoGuru.Fundtransfer">
        <test-method is-config="true" signature="open()[pri:0, instance:DemoGuru.Fundtransfer@19bb07ed]" started-at="2021-09-07T17:28:14 IST" name="open" finished-at="2021-09-07T17:28:23 IST" duration-ms="8897" status="PASS">
          <reporter-output>
          </reporter-output>
        </test-method> <!-- open -->
        <test-method signature="login()[pri:1, instance:DemoGuru.Fundtransfer@19bb07ed]" started-at="2021-09-07T17:28:23 IST" name="login" finished-at="2021-09-07T17:28:25 IST" duration-ms="2265" status="PASS">
          <reporter-output>
          </reporter-output>
        </test-method> <!-- login -->
        <test-method signature="creation()[pri:2, instance:DemoGuru.Fundtransfer@19bb07ed]" started-at="2021-09-07T17:28:25 IST" name="creation" finished-at="2021-09-07T17:28:37 IST" duration-ms="12083" status="PASS">
          <reporter-output>
          </reporter-output>
        </test-method> <!-- creation -->
        <test-method signature="fundtransfer()[pri:3, instance:DemoGuru.Fundtransfer@19bb07ed]" started-at="2021-09-07T17:28:37 IST" name="fundtransfer" finished-at="2021-09-07T17:28:40 IST" duration-ms="2920" status="PASS">
          <reporter-output>
          </reporter-output>
        </test-method> <!-- fundtransfer -->
        <test-method signature="refresh()[pri:4, instance:DemoGuru.Fundtransfer@19bb07ed]" started-at="2021-09-07T17:28:40 IST" name="refresh" finished-at="2021-09-07T17:28:42 IST" duration-ms="1611" status="PASS">
          <reporter-output>
          </reporter-output>
        </test-method> <!-- refresh -->
        <test-method signature="verifytransfer()[pri:5, instance:DemoGuru.Fundtransfer@19bb07ed]" started-at="2021-09-07T17:28:42 IST" name="verifytransfer" finished-at="2021-09-07T17:28:52 IST" duration-ms="9888" status="PASS">
          <reporter-output>
          </reporter-output>
        </test-method> <!-- verifytransfer -->
        <test-method signature="systembehaviour()[pri:6, instance:DemoGuru.Fundtransfer@19bb07ed]" started-at="2021-09-07T17:28:52 IST" name="systembehaviour" finished-at="2021-09-07T17:29:03 IST" duration-ms="10762" status="PASS">
          <reporter-output>
          </reporter-output>
        </test-method> <!-- systembehaviour -->
        <test-method signature="systembehaviour_whenmanager()[pri:7, instance:DemoGuru.Fundtransfer@19bb07ed]" started-at="2021-09-07T17:29:03 IST" name="systembehaviour_whenmanager" finished-at="2021-09-07T17:29:07 IST" duration-ms="4038" status="FAIL">
          <exception class="java.lang.AssertionError">
            <message>
              <![CDATA[expected [You are not authorize to do fund transfer!!] but found [Fund Transfer Details]]]>
            </message>
            <full-stacktrace>
              <![CDATA[java.lang.AssertionError: expected [You are not authorize to do fund transfer!!] but found [Fund Transfer Details]
at org.testng.Assert.fail(Assert.java:99)
at org.testng.Assert.failNotEquals(Assert.java:1037)
at org.testng.Assert.assertEqualsImpl(Assert.java:140)
at org.testng.Assert.assertEquals(Assert.java:122)
at org.testng.Assert.assertEquals(Assert.java:629)
at org.testng.Assert.assertEquals(Assert.java:639)
at DemoGuru.Fundtransfer.systembehaviour_whenmanager(Fundtransfer.java:121)
at java.base/jdk.internal.reflect.NativeMethodAccessorImpl.invoke0(Native Method)
at java.base/jdk.internal.reflect.NativeMethodAccessorImpl.invoke(NativeMethodAccessorImpl.java:62)
at java.base/jdk.internal.reflect.DelegatingMethodAccessorImpl.invoke(DelegatingMethodAccessorImpl.java:43)
at java.base/java.lang.reflect.Method.invoke(Method.java:567)
at org.testng.internal.MethodInvocationHelper.invokeMethod(MethodInvocationHelper.java:133)
at org.testng.internal.TestInvoker.invokeMethod(TestInvoker.java:598)
at org.testng.internal.TestInvoker.invokeTestMethod(TestInvoker.java:173)
at org.testng.internal.MethodRunner.runInSequence(MethodRunner.java:46)
at org.testng.internal.TestInvoker$MethodInvocationAgent.invoke(TestInvoker.java:824)
at org.testng.internal.TestInvoker.invokeTestMethods(TestInvoker.java:146)
at org.testng.internal.TestMethodWorker.invokeTestMethods(TestMethodWorker.java:146)
at org.testng.internal.TestMethodWorker.run(TestMethodWorker.java:128)
at java.base/java.util.ArrayList.forEach(ArrayList.java:1507)
at org.testng.TestRunner.privateRun(TestRunner.java:794)
at org.testng.TestRunner.run(TestRunner.java:596)
at org.testng.SuiteRunner.runTest(SuiteRunner.java:377)
at org.testng.SuiteRunner.runSequentially(SuiteRunner.java:371)
at org.testng.SuiteRunner.privateRun(SuiteRunner.java:332)
at org.testng.SuiteRunner.run(SuiteRunner.java:276)
at org.testng.SuiteRunnerWorker.runSuite(SuiteRunnerWorker.java:53)
at org.testng.SuiteRunnerWorker.run(SuiteRunnerWorker.java:96)
at org.testng.TestNG.runSuitesSequentially(TestNG.java:1212)
at org.testng.TestNG.runSuitesLocally(TestNG.java:1134)
at org.testng.TestNG.runSuites(TestNG.java:1063)
at org.testng.TestNG.run(TestNG.java:1031)
at org.testng.remote.AbstractRemoteTestNG.run(AbstractRemoteTestNG.java:115)
at org.testng.remote.RemoteTestNG.initAndRun(RemoteTestNG.java:251)
at org.testng.remote.RemoteTestNG.main(RemoteTestNG.java:77)
]]>
            </full-stacktrace>
          </exception> <!-- java.lang.AssertionError -->
          <reporter-output>
          </reporter-output>
        </test-method> <!-- systembehaviour_whenmanager -->
        <test-method is-config="true" signature="close()[pri:0, instance:DemoGuru.Fundtransfer@19bb07ed]" started-at="2021-09-07T17:29:07 IST" name="close" finished-at="2021-09-07T17:29:08 IST" duration-ms="851" status="PASS">
          <reporter-output>
          </reporter-output>
        </test-method> <!-- close -->
      </class> <!-- DemoGuru.Fundtransfer -->
    </test> <!-- Default test -->
  </suite> <!-- Default suite -->
</testng-results>
